c:\users\fielder\desktop\winter2019\componentframework1.0.4\componentframework\debug\vc141.pdb
c:\users\fielder\desktop\winter2019\componentframework1.0.4\componentframework\debug\vc141.idb
c:\users\fielder\desktop\winter2019\componentframework1.0.4\componentframework\debug\window.obj
c:\users\fielder\desktop\winter2019\componentframework1.0.4\componentframework\debug\vmath.obj
c:\users\fielder\desktop\winter2019\componentframework1.0.4\componentframework\debug\timer.obj
c:\users\fielder\desktop\winter2019\componentframework1.0.4\componentframework\debug\texture.obj
c:\users\fielder\desktop\winter2019\componentframework1.0.4\componentframework\debug\shader.obj
c:\users\fielder\desktop\winter2019\componentframework1.0.4\componentframework\debug\scene1.obj
c:\users\fielder\desktop\winter2019\componentframework1.0.4\componentframework\debug\scene0.obj
c:\users\fielder\desktop\winter2019\componentframework1.0.4\componentframework\debug\objloader.obj
c:\users\fielder\desktop\winter2019\componentframework1.0.4\componentframework\debug\mmath.obj
c:\users\fielder\desktop\winter2019\componentframework1.0.4\componentframework\debug\mesh.obj
c:\users\fielder\desktop\winter2019\componentframework1.0.4\componentframework\debug\main.obj
c:\users\fielder\desktop\winter2019\componentframework1.0.4\componentframework\debug\gamescenemanager.obj
c:\users\fielder\desktop\winter2019\componentframework1.0.4\componentframework\debug\gameobject.obj
c:\users\fielder\desktop\winter2019\componentframework1.0.4\componentframework\debug\debug.obj
c:\users\fielder\desktop\winter2019\componentframework1.0.4\componentframework\debug\camera.obj
c:\users\fielder\desktop\winter2019\componentframework1.0.4\debug\componentframework.ilk
c:\users\fielder\desktop\winter2019\componentframework1.0.4\debug\componentframework.exe
c:\users\fielder\desktop\winter2019\componentframework1.0.4\debug\componentframework.pdb
c:\users\fielder\desktop\winter2019\componentframework1.0.4\componentframework\debug\componen.614c2865.tlog\cl.command.1.tlog
c:\users\fielder\desktop\winter2019\componentframework1.0.4\componentframework\debug\componen.614c2865.tlog\cl.read.1.tlog
c:\users\fielder\desktop\winter2019\componentframework1.0.4\componentframework\debug\componen.614c2865.tlog\cl.write.1.tlog
c:\users\fielder\desktop\winter2019\componentframework1.0.4\componentframework\debug\componen.614c2865.tlog\link.command.1.tlog
c:\users\fielder\desktop\winter2019\componentframework1.0.4\componentframework\debug\componen.614c2865.tlog\link.read.1.tlog
c:\users\fielder\desktop\winter2019\componentframework1.0.4\componentframework\debug\componen.614c2865.tlog\link.write.1.tlog
